2014528 15:57:28  (0)  Class_Initialize 
2014528 15:57:28  (70675360)  Class_Initialize 70662072 70675360
2014528 15:57:28  (70675360)  Inicia d:\dados\scielo\serial\code,code,Code Database,False
2014528 15:57:31  (70675360)  Inicia False
2014528 15:57:31  (70675360)  getMfns license
2014528 15:57:31  (70675360)  getMfns -207
2014528 15:57:31  (70675360)  MfnFind -207
2014528 15:57:31  (70675360)  MfnQuantity
2014528 15:57:31  (70675360)  MSTFULLPATH \
2014528 15:57:32  (70675360)  getMfns licversion
2014528 15:57:32  (70675360)  getMfns -207
2014528 15:57:32  (70675360)  MfnFind -207
2014528 15:57:32  (70675360)  MfnQuantity
2014528 15:57:32  (70675360)  MSTFULLPATH \
2014528 15:57:33  (70675360)  getMfns es_idiom_interface
2014528 15:57:33  (70675360)  getMfns -207
2014528 15:57:33  (70675360)  MfnFind -207
2014528 15:57:33  (70675360)  MfnQuantity
2014528 15:57:33  (70675360)  MSTFULLPATH \
2014528 15:57:33  (70675360)  getMfns es_alphabet_of_title
2014528 15:57:33  (70675360)  getMfns -207
2014528 15:57:33  (70675360)  MfnFind -207
2014528 15:57:33  (70675360)  MfnQuantity
2014528 15:57:33  (70675360)  MSTFULLPATH \
2014528 15:57:34  (70675360)  getMfns es_literature_type
2014528 15:57:34  (70675360)  getMfns -207
2014528 15:57:34  (70675360)  MfnFind -207
2014528 15:57:34  (70675360)  MfnQuantity
2014528 15:57:34  (70675360)  MSTFULLPATH \
2014528 15:57:34  (70675360)  getMfns es_treatment_level
2014528 15:57:34  (70675360)  getMfns -207
2014528 15:57:34  (70675360)  MfnFind -207
2014528 15:57:34  (70675360)  MfnQuantity
2014528 15:57:34  (70675360)  MSTFULLPATH \
2014528 15:57:34  (70675360)  getMfns es_publication_level
2014528 15:57:34  (70675360)  getMfns -207
2014528 15:57:34  (70675360)  MfnFind -207
2014528 15:57:34  (70675360)  MfnQuantity
2014528 15:57:34  (70675360)  MSTFULLPATH \
2014528 15:57:35  (70675360)  getMfns es_frequency
2014528 15:57:35  (70675360)  getMfns -207
2014528 15:57:35  (70675360)  MfnFind -207
2014528 15:57:35  (70675360)  MfnQuantity
2014528 15:57:35  (70675360)  MSTFULLPATH \
2014528 15:57:35  (70675360)  getMfns es_status
2014528 15:57:35  (70675360)  getMfns -207
2014528 15:57:35  (70675360)  MfnFind -207
2014528 15:57:35  (70675360)  MfnQuantity
2014528 15:57:35  (70675360)  MSTFULLPATH \
2014528 15:57:35  (70675360)  getMfns es_history
2014528 15:57:35  (70675360)  getMfns -207
2014528 15:57:35  (70675360)  MfnFind -207
2014528 15:57:35  (70675360)  MfnQuantity
2014528 15:57:35  (70675360)  MSTFULLPATH \
2014528 15:57:35  (70675360)  getMfns es_country
2014528 15:57:35  (70675360)  getMfns -207
2014528 15:57:35  (70675360)  MfnFind -207
2014528 15:57:35  (70675360)  MfnQuantity
2014528 15:57:35  (70675360)  MSTFULLPATH \
2014528 15:57:35  (70675360)  getMfns es_state
2014528 15:57:35  (70675360)  getMfns -207
2014528 15:57:35  (70675360)  MfnFind -207
2014528 15:57:35  (70675360)  MfnQuantity
2014528 15:57:35  (70675360)  MSTFULLPATH \
2014528 15:57:36  (70675360)  getMfns es_usersubscription
2014528 15:57:36  (70675360)  getMfns -207
2014528 15:57:36  (70675360)  MfnFind -207
2014528 15:57:36  (70675360)  MfnQuantity
2014528 15:57:36  (70675360)  MSTFULLPATH \
2014528 15:57:36  (70675360)  getMfns es_ftp
2014528 15:57:36  (70675360)  getMfns -207
2014528 15:57:36  (70675360)  MfnFind -207
2014528 15:57:36  (70675360)  MfnQuantity
2014528 15:57:36  (70675360)  MSTFULLPATH \
2014528 15:57:36  (70675360)  getMfns es_language
2014528 15:57:36  (70675360)  getMfns -207
2014528 15:57:36  (70675360)  MfnFind -207
2014528 15:57:36  (70675360)  MfnQuantity
2014528 15:57:36  (70675360)  MSTFULLPATH \
2014528 15:57:36  (70675360)  getMfns es_language
2014528 15:57:36  (70675360)  getMfns -207
2014528 15:57:36  (70675360)  MfnFind -207
2014528 15:57:36  (70675360)  MfnQuantity
2014528 15:57:36  (70675360)  MSTFULLPATH \
2014528 15:57:37  (70675360)  getMfns es_issue_status
2014528 15:57:37  (70675360)  getMfns -207
2014528 15:57:37  (70675360)  MfnFind -207
2014528 15:57:37  (70675360)  MfnQuantity
2014